<?xml version="1.0" encoding="UTF-8"?>
<!-- Generated by org.testng.reporters.JUnitXMLReporter -->
<testsuite hostname="LAPTOP-2NSMLEPE" ignored="0" name="Test" tests="1" failures="1" timestamp="30 Oct 2019 19:18:19 GMT" time="6.13" errors="0">
  <testcase name="testEasy" time="1.655" classname="Jenkins.Test.testNG_OpenBrowser">
    <failure type="java.lang.AssertionError" message="expected [true] but found [false]">
      <![CDATA[java.lang.AssertionError: expected [true] but found [false]
at Jenkins.Test.testNG_OpenBrowser.testEasy(testNG_OpenBrowser.java:29)
... Removed 29 stack frames]]>
    </failure>
  </testcase> <!-- testEasy -->
</testsuite> <!-- Test -->
